safety = high
|---persons = 2
|---|---unacc
|---persons = 4
|---|---buying = high
|---|---|---maint = high
|---|---|---|---acc
|---|---|---maint = med
|---|---|---|---acc
|---|---|---maint = vhigh
|---|---|---|---unacc
|---|---|---maint = low
|---|---|---|---acc
|---|---buying = med
|---|---|---maint = high
|---|---|---|---acc
|---|---|---maint = med
|---|---|---|---lug_boot = small
|---|---|---|---|---acc
|---|---|---|---lug_boot = med
|---|---|---|---|---doors = 5more
|---|---|---|---|---|---0.0
|---|---|---|---|---doors = 3
|---|---|---|---|---|---0.0
|---|---|---|---|---doors = 2
|---|---|---|---|---|---0.0
|---|---|---|---|---doors = 4
|---|---|---|---|---|---0.0
|---|---|---|---lug_boot = big
|---|---|---|---|---vgood
|---|---|---maint = vhigh
|---|---|---|---acc
|---|---|---maint = low
|---|---|---|---lug_boot = small
|---|---|---|---|---good
|---|---|---|---lug_boot = med
|---|---|---|---|---doors = 5more
|---|---|---|---|---|---0.0
|---|---|---|---|---doors = 3
|---|---|---|---|---|---0.0
|---|---|---|---|---doors = 2
|---|---|---|---|---|---0.0
|---|---|---|---|---doors = 4
|---|---|---|---|---|---0.0
|---|---|---|---lug_boot = big
|---|---|---|---|---vgood
|---|---buying = vhigh
|---|---|---maint = high
|---|---|---|---unacc
|---|---|---maint = med
|---|---|---|---acc
|---|---|---maint = vhigh
|---|---|---|---unacc
|---|---|---maint = low
|---|---|---|---acc
|---|---buying = low
|---|---|---maint = high
|---|---|---|---lug_boot = small
|---|---|---|---|---acc
|---|---|---|---lug_boot = med
|---|---|---|---|---doors = 5more
|---|---|---|---|---|---0.0
|---|---|---|---|---doors = 3
|---|---|---|---|---|---0.0
|---|---|---|---|---doors = 2
|---|---|---|---|---|---0.0
|---|---|---|---|---doors = 4
|---|---|---|---|---|---0.0
|---|---|---|---lug_boot = big
|---|---|---|---|---vgood
|---|---|---maint = med
|---|---|---|---lug_boot = small
|---|---|---|---|---good
|---|---|---|---lug_boot = med
|---|---|---|---|---doors = 5more
|---|---|---|---|---|---0.0
|---|---|---|---|---doors = 3
|---|---|---|---|---|---0.0
|---|---|---|---|---doors = 2
|---|---|---|---|---|---0.0
|---|---|---|---|---doors = 4
|---|---|---|---|---|---0.0
|---|---|---|---lug_boot = big
|---|---|---|---|---vgood
|---|---|---maint = vhigh
|---|---|---|---acc
|---|---|---maint = low
|---|---|---|---lug_boot = small
|---|---|---|---|---good
|---|---|---|---lug_boot = med
|---|---|---|---|---doors = 5more
|---|---|---|---|---|---0.0
|---|---|---|---|---doors = 3
|---|---|---|---|---|---0.0
|---|---|---|---|---doors = 2
|---|---|---|---|---|---0.0
|---|---|---|---|---doors = 4
|---|---|---|---|---|---0.0
|---|---|---|---lug_boot = big
|---|---|---|---|---vgood
|---persons = more
|---|---buying = high
|---|---|---maint = high
|---|---|---|---doors = 5more
|---|---|---|---|---acc
|---|---|---|---doors = 3
|---|---|---|---|---acc
|---|---|---|---doors = 2
|---|---|---|---|---lug_boot = small
|---|---|---|---|---|---0.0
|---|---|---|---|---lug_boot = med
|---|---|---|---|---|---0.0
|---|---|---|---|---lug_boot = big
|---|---|---|---|---|---0.0
|---|---|---|---doors = 4
|---|---|---|---|---acc
|---|---|---maint = med
|---|---|---|---doors = 5more
|---|---|---|---|---acc
|---|---|---|---doors = 3
|---|---|---|---|---acc
|---|---|---|---doors = 2
|---|---|---|---|---lug_boot = small
|---|---|---|---|---|---0.0
|---|---|---|---|---lug_boot = med
|---|---|---|---|---|---0.0
|---|---|---|---|---lug_boot = big
|---|---|---|---|---|---0.0
|---|---|---|---doors = 4
|---|---|---|---|---acc
|---|---|---maint = vhigh
|---|---|---|---unacc
|---|---|---maint = low
|---|---|---|---doors = 5more
|---|---|---|---|---acc
|---|---|---|---doors = 3
|---|---|---|---|---acc
|---|---|---|---doors = 2
|---|---|---|---|---lug_boot = small
|---|---|---|---|---|---0.0
|---|---|---|---|---lug_boot = med
|---|---|---|---|---|---0.0
|---|---|---|---|---lug_boot = big
|---|---|---|---|---|---0.0
|---|---|---|---doors = 4
|---|---|---|---|---acc
|---|---buying = med
|---|---|---maint = high
|---|---|---|---doors = 5more
|---|---|---|---|---acc
|---|---|---|---doors = 3
|---|---|---|---|---acc
|---|---|---|---doors = 2
|---|---|---|---|---lug_boot = small
|---|---|---|---|---|---0.0
|---|---|---|---|---lug_boot = med
|---|---|---|---|---|---0.0
|---|---|---|---|---lug_boot = big
|---|---|---|---|---|---0.0
|---|---|---|---doors = 4
|---|---|---|---|---acc
|---|---|---maint = med
|---|---|---|---lug_boot = small
|---|---|---|---|---doors = 5more
|---|---|---|---|---|---0.0
|---|---|---|---|---doors = 3
|---|---|---|---|---|---0.0
|---|---|---|---|---doors = 2
|---|---|---|---|---|---0.0
|---|---|---|---|---doors = 4
|---|---|---|---|---|---0.0
|---|---|---|---lug_boot = med
|---|---|---|---|---doors = 5more
|---|---|---|---|---|---0.0
|---|---|---|---|---doors = 3
|---|---|---|---|---|---0.0
|---|---|---|---|---doors = 2
|---|---|---|---|---|---0.0
|---|---|---|---|---doors = 4
|---|---|---|---|---|---0.0
|---|---|---|---lug_boot = big
|---|---|---|---|---vgood
|---|---|---maint = vhigh
|---|---|---|---doors = 5more
|---|---|---|---|---acc
|---|---|---|---doors = 3
|---|---|---|---|---acc
|---|---|---|---doors = 2
|---|---|---|---|---lug_boot = small
|---|---|---|---|---|---0.0
|---|---|---|---|---lug_boot = med
|---|---|---|---|---|---0.0
|---|---|---|---|---lug_boot = big
|---|---|---|---|---|---0.0
|---|---|---|---doors = 4
|---|---|---|---|---acc
|---|---|---maint = low
|---|---|---|---lug_boot = small
|---|---|---|---|---doors = 5more
|---|---|---|---|---|---0.0
|---|---|---|---|---doors = 3
|---|---|---|---|---|---0.0
|---|---|---|---|---doors = 2
|---|---|---|---|---|---0.0
|---|---|---|---|---doors = 4
|---|---|---|---|---|---0.0
|---|---|---|---lug_boot = med
|---|---|---|---|---doors = 5more
|---|---|---|---|---|---0.0
|---|---|---|---|---doors = 3
|---|---|---|---|---|---0.0
|---|---|---|---|---doors = 2
|---|---|---|---|---|---0.0
|---|---|---|---|---doors = 4
|---|---|---|---|---|---0.0
|---|---|---|---lug_boot = big
|---|---|---|---|---vgood
|---|---buying = vhigh
|---|---|---maint = high
|---|---|---|---unacc
|---|---|---maint = med
|---|---|---|---doors = 5more
|---|---|---|---|---acc
|---|---|---|---doors = 3
|---|---|---|---|---acc
|---|---|---|---doors = 2
|---|---|---|---|---lug_boot = small
|---|---|---|---|---|---0.0
|---|---|---|---|---lug_boot = med
|---|---|---|---|---|---0.0
|---|---|---|---|---lug_boot = big
|---|---|---|---|---|---0.0
|---|---|---|---doors = 4
|---|---|---|---|---acc
|---|---|---maint = vhigh
|---|---|---|---unacc
|---|---|---maint = low
|---|---|---|---doors = 5more
|---|---|---|---|---acc
|---|---|---|---doors = 3
|---|---|---|---|---acc
|---|---|---|---doors = 2
|---|---|---|---|---lug_boot = small
|---|---|---|---|---|---0.0
|---|---|---|---|---lug_boot = med
|---|---|---|---|---|---0.0
|---|---|---|---|---lug_boot = big
|---|---|---|---|---|---0.0
|---|---|---|---doors = 4
|---|---|---|---|---acc
|---|---buying = low
|---|---|---maint = high
|---|---|---|---lug_boot = small
|---|---|---|---|---doors = 5more
|---|---|---|---|---|---0.0
|---|---|---|---|---doors = 3
|---|---|---|---|---|---0.0
|---|---|---|---|---doors = 2
|---|---|---|---|---|---0.0
|---|---|---|---|---doors = 4
|---|---|---|---|---|---0.0
|---|---|---|---lug_boot = med
|---|---|---|---|---doors = 5more
|---|---|---|---|---|---0.0
|---|---|---|---|---doors = 3
|---|---|---|---|---|---0.0
|---|---|---|---|---doors = 2
|---|---|---|---|---|---0.0
|---|---|---|---|---doors = 4
|---|---|---|---|---|---0.0
|---|---|---|---lug_boot = big
|---|---|---|---|---vgood
|---|---|---maint = med
|---|---|---|---lug_boot = small
|---|---|---|---|---doors = 5more
|---|---|---|---|---|---0.0
|---|---|---|---|---doors = 3
|---|---|---|---|---|---0.0
|---|---|---|---|---doors = 2
|---|---|---|---|---|---0.0
|---|---|---|---|---doors = 4
|---|---|---|---|---|---0.0
|---|---|---|---lug_boot = med
|---|---|---|---|---doors = 5more
|---|---|---|---|---|---0.0
|---|---|---|---|---doors = 3
|---|---|---|---|---|---0.0
|---|---|---|---|---doors = 2
|---|---|---|---|---|---0.0
|---|---|---|---|---doors = 4
|---|---|---|---|---|---0.0
|---|---|---|---lug_boot = big
|---|---|---|---|---vgood
|---|---|---maint = vhigh
|---|---|---|---doors = 5more
|---|---|---|---|---acc
|---|---|---|---doors = 3
|---|---|---|---|---acc
|---|---|---|---doors = 2
|---|---|---|---|---lug_boot = small
|---|---|---|---|---|---0.0
|---|---|---|---|---lug_boot = med
|---|---|---|---|---|---0.0
|---|---|---|---|---lug_boot = big
|---|---|---|---|---|---0.0
|---|---|---|---doors = 4
|---|---|---|---|---acc
|---|---|---maint = low
|---|---|---|---lug_boot = small
|---|---|---|---|---doors = 5more
|---|---|---|---|---|---0.0
|---|---|---|---|---doors = 3
|---|---|---|---|---|---0.0
|---|---|---|---|---doors = 2
|---|---|---|---|---|---0.0
|---|---|---|---|---doors = 4
|---|---|---|---|---|---0.0
|---|---|---|---lug_boot = med
|---|---|---|---|---doors = 5more
|---|---|---|---|---|---0.0
|---|---|---|---|---doors = 3
|---|---|---|---|---|---0.0
|---|---|---|---|---doors = 2
|---|---|---|---|---|---0.0
|---|---|---|---|---doors = 4
|---|---|---|---|---|---0.0
|---|---|---|---lug_boot = big
|---|---|---|---|---vgood
safety = med
|---persons = 2
|---|---unacc
|---persons = 4
|---|---buying = high
|---|---|---lug_boot = small
|---|---|---|---unacc
|---|---|---lug_boot = med
|---|---|---|---doors = 5more
|---|---|---|---|---maint = high
|---|---|---|---|---|---0.0
|---|---|---|---|---maint = med
|---|---|---|---|---|---0.0
|---|---|---|---|---maint = vhigh
|---|---|---|---|---|---0.0
|---|---|---|---|---maint = low
|---|---|---|---|---|---0.0
|---|---|---|---doors = 3
|---|---|---|---|---unacc
|---|---|---|---doors = 2
|---|---|---|---|---unacc
|---|---|---|---doors = 4
|---|---|---|---|---maint = high
|---|---|---|---|---|---0.0
|---|---|---|---|---maint = med
|---|---|---|---|---|---0.0
|---|---|---|---|---maint = vhigh
|---|---|---|---|---|---0.0
|---|---|---|---|---maint = low
|---|---|---|---|---|---0.0
|---|---|---lug_boot = big
|---|---|---|---maint = high
|---|---|---|---|---acc
|---|---|---|---maint = med
|---|---|---|---|---acc
|---|---|---|---maint = vhigh
|---|---|---|---|---unacc
|---|---|---|---maint = low
|---|---|---|---|---acc
|---|---buying = med
|---|---|---maint = high
|---|---|---|---lug_boot = small
|---|---|---|---|---unacc
|---|---|---|---lug_boot = med
|---|---|---|---|---doors = 5more
|---|---|---|---|---|---0.0
|---|---|---|---|---doors = 3
|---|---|---|---|---|---0.0
|---|---|---|---|---doors = 2
|---|---|---|---|---|---0.0
|---|---|---|---|---doors = 4
|---|---|---|---|---|---0.0
|---|---|---|---lug_boot = big
|---|---|---|---|---acc
|---|---|---maint = med
|---|---|---|---acc
|---|---|---maint = vhigh
|---|---|---|---lug_boot = small
|---|---|---|---|---unacc
|---|---|---|---lug_boot = med
|---|---|---|---|---doors = 5more
|---|---|---|---|---|---0.0
|---|---|---|---|---doors = 3
|---|---|---|---|---|---0.0
|---|---|---|---|---doors = 2
|---|---|---|---|---|---0.0
|---|---|---|---|---doors = 4
|---|---|---|---|---|---0.0
|---|---|---|---lug_boot = big
|---|---|---|---|---acc
|---|---|---maint = low
|---|---|---|---lug_boot = small
|---|---|---|---|---acc
|---|---|---|---lug_boot = med
|---|---|---|---|---doors = 5more
|---|---|---|---|---|---0.0
|---|---|---|---|---doors = 3
|---|---|---|---|---|---0.0
|---|---|---|---|---doors = 2
|---|---|---|---|---|---0.0
|---|---|---|---|---doors = 4
|---|---|---|---|---|---0.0
|---|---|---|---lug_boot = big
|---|---|---|---|---good
|---|---buying = vhigh
|---|---|---maint = high
|---|---|---|---unacc
|---|---|---maint = med
|---|---|---|---lug_boot = small
|---|---|---|---|---unacc
|---|---|---|---lug_boot = med
|---|---|---|---|---doors = 5more
|---|---|---|---|---|---0.0
|---|---|---|---|---doors = 3
|---|---|---|---|---|---0.0
|---|---|---|---|---doors = 2
|---|---|---|---|---|---0.0
|---|---|---|---|---doors = 4
|---|---|---|---|---|---0.0
|---|---|---|---lug_boot = big
|---|---|---|---|---acc
|---|---|---maint = vhigh
|---|---|---|---unacc
|---|---|---maint = low
|---|---|---|---lug_boot = small
|---|---|---|---|---unacc
|---|---|---|---lug_boot = med
|---|---|---|---|---doors = 5more
|---|---|---|---|---|---0.0
|---|---|---|---|---doors = 3
|---|---|---|---|---|---0.0
|---|---|---|---|---doors = 2
|---|---|---|---|---|---0.0
|---|---|---|---|---doors = 4
|---|---|---|---|---|---0.0
|---|---|---|---lug_boot = big
|---|---|---|---|---acc
|---|---buying = low
|---|---|---maint = high
|---|---|---|---acc
|---|---|---maint = med
|---|---|---|---lug_boot = small
|---|---|---|---|---acc
|---|---|---|---lug_boot = med
|---|---|---|---|---doors = 5more
|---|---|---|---|---|---0.0
|---|---|---|---|---doors = 3
|---|---|---|---|---|---0.0
|---|---|---|---|---doors = 2
|---|---|---|---|---|---0.0
|---|---|---|---|---doors = 4
|---|---|---|---|---|---0.0
|---|---|---|---lug_boot = big
|---|---|---|---|---good
|---|---|---maint = vhigh
|---|---|---|---lug_boot = small
|---|---|---|---|---unacc
|---|---|---|---lug_boot = med
|---|---|---|---|---doors = 5more
|---|---|---|---|---|---0.0
|---|---|---|---|---doors = 3
|---|---|---|---|---|---0.0
|---|---|---|---|---doors = 2
|---|---|---|---|---|---0.0
|---|---|---|---|---doors = 4
|---|---|---|---|---|---0.0
|---|---|---|---lug_boot = big
|---|---|---|---|---acc
|---|---|---maint = low
|---|---|---|---lug_boot = small
|---|---|---|---|---acc
|---|---|---|---lug_boot = med
|---|---|---|---|---doors = 5more
|---|---|---|---|---|---0.0
|---|---|---|---|---doors = 3
|---|---|---|---|---|---0.0
|---|---|---|---|---doors = 2
|---|---|---|---|---|---0.0
|---|---|---|---|---doors = 4
|---|---|---|---|---|---0.0
|---|---|---|---lug_boot = big
|---|---|---|---|---good
|---persons = more
|---|---buying = high
|---|---|---lug_boot = small
|---|---|---|---unacc
|---|---|---lug_boot = med
|---|---|---|---maint = high
|---|---|---|---|---doors = 5more
|---|---|---|---|---|---0.0
|---|---|---|---|---doors = 3
|---|---|---|---|---|---0.0
|---|---|---|---|---doors = 2
|---|---|---|---|---|---0.0
|---|---|---|---|---doors = 4
|---|---|---|---|---|---0.0
|---|---|---|---maint = med
|---|---|---|---|---doors = 5more
|---|---|---|---|---|---0.0
|---|---|---|---|---doors = 3
|---|---|---|---|---|---0.0
|---|---|---|---|---doors = 2
|---|---|---|---|---|---0.0
|---|---|---|---|---doors = 4
|---|---|---|---|---|---0.0
|---|---|---|---maint = vhigh
|---|---|---|---|---unacc
|---|---|---|---maint = low
|---|---|---|---|---doors = 5more
|---|---|---|---|---|---0.0
|---|---|---|---|---doors = 3
|---|---|---|---|---|---0.0
|---|---|---|---|---doors = 2
|---|---|---|---|---|---0.0
|---|---|---|---|---doors = 4
|---|---|---|---|---|---0.0
|---|---|---lug_boot = big
|---|---|---|---maint = high
|---|---|---|---|---acc
|---|---|---|---maint = med
|---|---|---|---|---acc
|---|---|---|---maint = vhigh
|---|---|---|---|---unacc
|---|---|---|---maint = low
|---|---|---|---|---acc
|---|---buying = med
|---|---|---maint = high
|---|---|---|---lug_boot = small
|---|---|---|---|---unacc
|---|---|---|---lug_boot = med
|---|---|---|---|---doors = 5more
|---|---|---|---|---|---0.0
|---|---|---|---|---doors = 3
|---|---|---|---|---|---0.0
|---|---|---|---|---doors = 2
|---|---|---|---|---|---0.0
|---|---|---|---|---doors = 4
|---|---|---|---|---|---0.0
|---|---|---|---lug_boot = big
|---|---|---|---|---acc
|---|---|---maint = med
|---|---|---|---doors = 5more
|---|---|---|---|---acc
|---|---|---|---doors = 3
|---|---|---|---|---acc
|---|---|---|---doors = 2
|---|---|---|---|---lug_boot = small
|---|---|---|---|---|---0.0
|---|---|---|---|---lug_boot = med
|---|---|---|---|---|---0.0
|---|---|---|---|---lug_boot = big
|---|---|---|---|---|---0.0
|---|---|---|---doors = 4
|---|---|---|---|---acc
|---|---|---maint = vhigh
|---|---|---|---lug_boot = small
|---|---|---|---|---unacc
|---|---|---|---lug_boot = med
|---|---|---|---|---doors = 5more
|---|---|---|---|---|---0.0
|---|---|---|---|---doors = 3
|---|---|---|---|---|---0.0
|---|---|---|---|---doors = 2
|---|---|---|---|---|---0.0
|---|---|---|---|---doors = 4
|---|---|---|---|---|---0.0
|---|---|---|---lug_boot = big
|---|---|---|---|---acc
|---|---|---maint = low
|---|---|---|---lug_boot = small
|---|---|---|---|---doors = 5more
|---|---|---|---|---|---0.0
|---|---|---|---|---doors = 3
|---|---|---|---|---|---0.0
|---|---|---|---|---doors = 2
|---|---|---|---|---|---0.0
|---|---|---|---|---doors = 4
|---|---|---|---|---|---0.0
|---|---|---|---lug_boot = med
|---|---|---|---|---doors = 5more
|---|---|---|---|---|---0.0
|---|---|---|---|---doors = 3
|---|---|---|---|---|---0.0
|---|---|---|---|---doors = 2
|---|---|---|---|---|---0.0
|---|---|---|---|---doors = 4
|---|---|---|---|---|---0.0
|---|---|---|---lug_boot = big
|---|---|---|---|---good
|---|---buying = vhigh
|---|---|---maint = high
|---|---|---|---unacc
|---|---|---maint = med
|---|---|---|---lug_boot = small
|---|---|---|---|---unacc
|---|---|---|---lug_boot = med
|---|---|---|---|---doors = 5more
|---|---|---|---|---|---0.0
|---|---|---|---|---doors = 3
|---|---|---|---|---|---0.0
|---|---|---|---|---doors = 2
|---|---|---|---|---|---0.0
|---|---|---|---|---doors = 4
|---|---|---|---|---|---0.0
|---|---|---|---lug_boot = big
|---|---|---|---|---acc
|---|---|---maint = vhigh
|---|---|---|---unacc
|---|---|---maint = low
|---|---|---|---lug_boot = small
|---|---|---|---|---unacc
|---|---|---|---lug_boot = med
|---|---|---|---|---doors = 5more
|---|---|---|---|---|---0.0
|---|---|---|---|---doors = 3
|---|---|---|---|---|---0.0
|---|---|---|---|---doors = 2
|---|---|---|---|---|---0.0
|---|---|---|---|---doors = 4
|---|---|---|---|---|---0.0
|---|---|---|---lug_boot = big
|---|---|---|---|---acc
|---|---buying = low
|---|---|---maint = high
|---|---|---|---doors = 5more
|---|---|---|---|---acc
|---|---|---|---doors = 3
|---|---|---|---|---acc
|---|---|---|---doors = 2
|---|---|---|---|---lug_boot = small
|---|---|---|---|---|---0.0
|---|---|---|---|---lug_boot = med
|---|---|---|---|---|---0.0
|---|---|---|---|---lug_boot = big
|---|---|---|---|---|---0.0
|---|---|---|---doors = 4
|---|---|---|---|---acc
|---|---|---maint = med
|---|---|---|---lug_boot = small
|---|---|---|---|---doors = 5more
|---|---|---|---|---|---0.0
|---|---|---|---|---doors = 3
|---|---|---|---|---|---0.0
|---|---|---|---|---doors = 2
|---|---|---|---|---|---0.0
|---|---|---|---|---doors = 4
|---|---|---|---|---|---0.0
|---|---|---|---lug_boot = med
|---|---|---|---|---doors = 5more
|---|---|---|---|---|---0.0
|---|---|---|---|---doors = 3
|---|---|---|---|---|---0.0
|---|---|---|---|---doors = 2
|---|---|---|---|---|---0.0
|---|---|---|---|---doors = 4
|---|---|---|---|---|---0.0
|---|---|---|---lug_boot = big
|---|---|---|---|---good
|---|---|---maint = vhigh
|---|---|---|---lug_boot = small
|---|---|---|---|---unacc
|---|---|---|---lug_boot = med
|---|---|---|---|---doors = 5more
|---|---|---|---|---|---0.0
|---|---|---|---|---doors = 3
|---|---|---|---|---|---0.0
|---|---|---|---|---doors = 2
|---|---|---|---|---|---0.0
|---|---|---|---|---doors = 4
|---|---|---|---|---|---0.0
|---|---|---|---lug_boot = big
|---|---|---|---|---acc
|---|---|---maint = low
|---|---|---|---lug_boot = small
|---|---|---|---|---doors = 5more
|---|---|---|---|---|---0.0
|---|---|---|---|---doors = 3
|---|---|---|---|---|---0.0
|---|---|---|---|---doors = 2
|---|---|---|---|---|---0.0
|---|---|---|---|---doors = 4
|---|---|---|---|---|---0.0
|---|---|---|---lug_boot = med
|---|---|---|---|---doors = 5more
|---|---|---|---|---|---0.0
|---|---|---|---|---doors = 3
|---|---|---|---|---|---0.0
|---|---|---|---|---doors = 2
|---|---|---|---|---|---0.0
|---|---|---|---|---doors = 4
|---|---|---|---|---|---0.0
|---|---|---|---lug_boot = big
|---|---|---|---|---good
safety = low
|---unacc
